<?xml version="1.0" encoding="UTF-8"?>
<!-- Generated by org.testng.reporters.JUnitXMLReporter -->
<testsuite ignored="0" hostname="LAPTOP-M4O2H3ES" failures="1" tests="1" name="Default test" time="7.777" errors="0" timestamp="2023-07-02T20:34:28 IST">
  <testcase classname="io.cucumber.testng.AbstractTestNGCucumberTests" name="runScenario" time="7.237">
    <failure type="io.cucumber.java.PendingException" message="TODO: implement me">
      <![CDATA[io.cucumber.java.PendingException: TODO: implement me
at StepDefinitions.stefDef.validation_once_reached_to_the_website(stefDef.java:85)
at âœ½.validation once reached to the website(file:///C:/Users/ramra/Git/SeleniumProjects/SeleniumFramework/CucumberFeatures/hover.feature:11)
]]>
    </failure>
  </testcase> <!-- runScenario -->
</testsuite> <!-- Default test -->
