<?xml version="1.0" encoding="UTF-8"?>
<!-- Generated by org.testng.reporters.JUnitReportReporter -->
<testsuite hostname="LAPTOP-M4O2H3ES" failures="0" tests="1" name="TestRunner.testRunner" time="7.237" errors="1" timestamp="2023-07-02T20:34:28 IST" skipped="0">
  <testcase classname="TestRunner.testRunner" name="runScenario" time="7.237">
    <error message="TODO: implement me" type="io.cucumber.java.PendingException">
      <![CDATA[io.cucumber.java.PendingException: TODO: implement me
at StepDefinitions.stefDef.validation_once_reached_to_the_website(stefDef.java:85)
at âœ½.validation once reached to the website(file:///C:/Users/ramra/Git/SeleniumProjects/SeleniumFramework/CucumberFeatures/hover.feature:11)
]]>
    </error>
  </testcase> <!-- runScenario -->
  <system-out/>
</testsuite> <!-- TestRunner.testRunner -->
